Arguments: 
  /Users/ui369/.nvm/versions/node/v19.4.0/bin/node /Users/ui369/.yarn/bin/yarn.js add @openzepellin/contracts

PATH: 
  /Users/ui369/.nvm/versions/node/v19.4.0/bin:/Users/ui369/.yarn/bin:/Users/ui369/.config/yarn/global/node_modules/.bin:/opt/homebrew/bin:/opt/homebrew/sbin:/usr/local/bin:/usr/bin:/bin:/usr/sbin:/sbin:/Users/ui369/.nvm/versions/node/v19.4.0/bin:/Users/ui369/.yarn/bin:/Users/ui369/.config/yarn/global/node_modules/.bin:/opt/homebrew/bin:/opt/homebrew/sbin

Yarn version: 
  1.22.19

Node version: 
  19.4.0

Platform: 
  darwin arm64

Trace: 
  Error: https://registry.yarnpkg.com/@openzepellin%2fcontracts: Not found
      at params.callback [as _callback] (/Users/ui369/.yarn/lib/cli.js:66145:18)
      at self.callback (/Users/ui369/.yarn/lib/cli.js:140890:22)
      at Request.emit (node:events:513:28)
      at Request.<anonymous> (/Users/ui369/.yarn/lib/cli.js:141862:10)
      at Request.emit (node:events:513:28)
      at IncomingMessage.<anonymous> (/Users/ui369/.yarn/lib/cli.js:141784:12)
      at Object.onceWrapper (node:events:627:28)
      at IncomingMessage.emit (node:events:525:35)
      at endReadableNT (node:internal/streams/readable:1359:12)
      at process.processTicksAndRejections (node:internal/process/task_queues:82:21)

npm manifest: 
  {
    "name": "hardhat-project",
    "devDependencies": {
      "@nomicfoundation/hardhat-toolbox": "^1.0.2",
      "hardhat": "^2.12.7"
    }
  }

yarn manifest: 
  No manifest

Lockfile: 
  No lockfile
